<?xml version="1.0" encoding="UTF-8"?>
<testng-results ignored="0" total="1" passed="1" failed="0" skipped="0">
  <reporter-output>
  </reporter-output>
  <suite started-at="2025-09-13T15:19:19 IST" name="Default suite" finished-at="2025-09-13T15:19:57 IST" duration-ms="37580">
    <groups>
      <group name="cucumber">
        <method signature="AbstractTestNGCucumberTests.runScenario(io.cucumber.testng.PickleWrapper,io.cucumber.testng.FeatureWrapper)[pri:0, instance:com.runner.TestRunner@24313fcc]" name="runScenario" class="io.cucumber.testng.AbstractTestNGCucumberTests"/>
      </group> <!-- cucumber -->
    </groups>
    <test started-at="2025-09-13T15:19:19 IST" name="Default test" finished-at="2025-09-13T15:19:57 IST" duration-ms="37580">
      <class name="com.runner.TestRunner">
        <test-method is-config="true" signature="setUpClass(org.testng.ITestContext)[pri:0, instance:com.runner.TestRunner@24313fcc]" started-at="2025-09-13T15:19:19 IST" name="setUpClass" finished-at="2025-09-13T15:19:21 IST" duration-ms="2135" status="PASS">
          <params>
            <param index="0">
              <value>
                <![CDATA[org.testng.TestRunner@47148f3f]]>
              </value>
            </param>
          </params>
          <reporter-output>
          </reporter-output>
        </test-method> <!-- setUpClass -->
        <test-method signature="runScenario(io.cucumber.testng.PickleWrapper,io.cucumber.testng.FeatureWrapper)[pri:0, instance:com.runner.TestRunner@24313fcc]" started-at="2025-09-13T15:19:21 IST" name="runScenario" description="Runs Cucumber Scenarios" data-provider="scenarios" finished-at="2025-09-13T15:19:56 IST" duration-ms="34255" status="PASS">
          <params>
            <param index="0">
              <value>
                <![CDATA["Verify scheduled flights and view details from different airports"]]>
              </value>
            </param>
            <param index="1">
              <value>
                <![CDATA["Flight Tracker Functionality"]]>
              </value>
            </param>
          </params>
          <reporter-output>
          </reporter-output>
        </test-method> <!-- runScenario -->
        <test-method is-config="true" signature="tearDownClass()[pri:0, instance:com.runner.TestRunner@24313fcc]" started-at="2025-09-13T15:19:56 IST" name="tearDownClass" finished-at="2025-09-13T15:19:57 IST" duration-ms="1067" status="PASS">
          <reporter-output>
          </reporter-output>
        </test-method> <!-- tearDownClass -->
      </class> <!-- com.runner.TestRunner -->
    </test> <!-- Default test -->
  </suite> <!-- Default suite -->
</testng-results>
